Build started 6/26/2014 4:24:16 PM.
     1>Project "c:\Users\Logan\documents\visual studio 2013\Projects\Final_Project\Final_Project\Final_Project.vcxproj" on node 2 (Build target(s)).
     1>ClCompile:
         C:\Program Files (x86)\Microsoft Visual Studio 12.0\VC\bin\CL.exe /c /ZI /nologo /W3 /WX- /Od /Oy- /D WIN32 /D _DEBUG /D _CONSOLE /D _LIB /D _UNICODE /D UNICODE /Gm /EHsc /RTC1 /MDd /GS /fp:precise /Zc:wchar_t /Zc:forScope /Fo"Debug\\" /Fd"Debug\vc120.pdb" /Gd /TP /analyze- /errorReport:prompt Main.cpp Pythagorean.cpp Quadratic.cpp Root.cpp
         Root.cpp
         Quadratic.cpp
     1>c:\users\logan\documents\visual studio 2013\projects\final_project\final_project\quadratic.cpp(9): warning C4244: '=' : conversion from 'double' to 'int', possible loss of data
     1>c:\users\logan\documents\visual studio 2013\projects\final_project\final_project\quadratic.cpp(10): warning C4244: '=' : conversion from 'double' to 'int', possible loss of data
     1>c:\users\logan\documents\visual studio 2013\projects\final_project\final_project\quadratic.cpp(11): warning C4244: '=' : conversion from 'double' to 'int', possible loss of data
         Pythagorean.cpp
         Main.cpp
     1>c:\users\logan\documents\visual studio 2013\projects\final_project\final_project\main.cpp(73): warning C4244: 'argument' : conversion from 'double' to 'int', possible loss of data
     1>c:\users\logan\documents\visual studio 2013\projects\final_project\final_project\main.cpp(111): warning C4244: '=' : conversion from 'double' to 'int', possible loss of data
         Generating Code...
       Link:
         C:\Program Files (x86)\Microsoft Visual Studio 12.0\VC\bin\link.exe /ERRORREPORT:PROMPT /OUT:"c:\users\logan\documents\visual studio 2013\Projects\Final_Project\Debug\Final_Project.exe" /INCREMENTAL /NOLOGO kernel32.lib user32.lib gdi32.lib winspool.lib comdlg32.lib advapi32.lib shell32.lib ole32.lib oleaut32.lib uuid.lib odbc32.lib odbccp32.lib /MANIFEST /MANIFESTUAC:"level='asInvoker' uiAccess='false'" /manifest:embed /DEBUG /PDB:"c:\users\logan\documents\visual studio 2013\Projects\Final_Project\Debug\Final_Project.pdb" /SUBSYSTEM:CONSOLE /TLBID:1 /DYNAMICBASE /NXCOMPAT /IMPLIB:"c:\users\logan\documents\visual studio 2013\Projects\Final_Project\Debug\Final_Project.lib" /MACHINE:X86 Debug\Main.obj
         Debug\Pythagorean.obj
         Debug\Quadratic.obj
         Debug\Root.obj
         Final_Project.vcxproj -> c:\users\logan\documents\visual studio 2013\Projects\Final_Project\Debug\Final_Project.exe
     1>Done Building Project "c:\Users\Logan\documents\visual studio 2013\Projects\Final_Project\Final_Project\Final_Project.vcxproj" (Build target(s)).

Build succeeded.

Time Elapsed 00:00:03.66
